<?xml version="1.0" encoding="UTF-8" standalone="no"?><testsuites><testsuite errors="0" failures="0" hostname="emulator-5554_AndroidHigherVersion_unknown_AndroidSDKbuiltforx86" name="empresa.exemplos.calculadora" tests="5" time="4,0130" timestamp="Tue Sep 02 00:42:11 BRT 2014"><properties>
[...]
</properties><testcase classname="calculadora.ExpressoesBasicasTest" name="testDividirNumerosInteirosPositivos" time="1,1270"/><testcase classname="calculadora.ExpressoesBasicasTest" name="testMultiplicarNumerosInteirosPositivos" time="0,8910"/><testcase classname="calculadora.ExpressoesBasicasTest" name="testSomaNumerosInteirosPositivos" time="0,4750"/><testcase classname="calculadora.ExpressoesBasicasTest" name="testSubtrairNumerosInteirosPositivos" time="0,7750"/><testcase classname="calculadora.ExpressoesInvalidasTest" name="testDividirNumerosInteirosPorZero" time="0,7380"/></testsuite></testsuites>